<?xml version="1.0" encoding="UTF-8"?>
<!-- Generated by org.testng.reporters.JUnitReportReporter -->
<testsuite hostname="LAPTOP-JR88P5KR" failures="0" tests="2" name="SmokeTesting.SmokeTest" time="46.168" errors="0" timestamp="2025-08-18T17:51:09 IST" skipped="0">
  <testcase classname="SmokeTesting.SmokeTest" name="SmokeRemoveFromCart" time="24.024"/>
  <testcase classname="SmokeTesting.SmokeTest" name="SmokeAddCart" time="22.144"/>
</testsuite> <!-- SmokeTesting.SmokeTest -->
