<?xml version="1.0" encoding="UTF-8"?>
<!-- Generated by org.testng.reporters.JUnitReportReporter -->
<testsuite hostname="LAPTOP-JR88P5KR" failures="0" tests="1" name="Accessories.AccessoriesTest" time="75.561" errors="0" timestamp="2025-08-14T12:49:15 IST" skipped="0">
  <testcase classname="Accessories.AccessoriesTest" name="fTest" time="75.561"/>
</testsuite> <!-- Accessories.AccessoriesTest -->
