<?xml version="1.0" encoding="UTF-8"?>
<!-- Generated by org.testng.reporters.JUnitReportReporter -->
<testsuite hostname="LAPTOP-JR88P5KR" failures="0" tests="2" name="Integration.IntegrationTest" time="30.701" errors="0" timestamp="2025-08-18T17:51:09 IST" skipped="0">
  <testcase classname="Integration.IntegrationTest" name="HomeToOurStory" time="15.058"/>
  <testcase classname="Integration.IntegrationTest" name="HomeToJournal" time="15.643"/>
</testsuite> <!-- Integration.IntegrationTest -->
