<?xml version="1.0" encoding="UTF-8"?>
<!-- Generated by org.testng.reporters.JUnitReportReporter -->
<testsuite hostname="LAPTOP-JR88P5KR" failures="0" tests="3" name="Fragrance.FragranceTest" time="113.813" errors="0" timestamp="2025-08-18T17:51:09 IST" skipped="0">
  <testcase classname="Fragrance.FragranceTest" name="fTest" time="35.762"/>
  <testcase classname="Fragrance.FragranceTest" name="FragrancewithCategory" time="36.745"/>
  <testcase classname="Fragrance.FragranceTest" name="fragranceHover" time="41.306"/>
</testsuite> <!-- Fragrance.FragranceTest -->
