<?xml version="1.0" encoding="UTF-8"?>
<!-- Generated by org.testng.reporters.JUnitReportReporter -->
<testsuite hostname="LAPTOP-JR88P5KR" failures="0" tests="1" name="Tableware.TablewareTest" time="22.981" errors="0" timestamp="2025-08-14T12:28:08 IST" skipped="0">
  <testcase classname="Tableware.TablewareTest" name="fTest" time="22.981"/>
</testsuite> <!-- Tableware.TablewareTest -->
