<?xml version="1.0" encoding="UTF-8"?>
<!-- Generated by org.testng.reporters.JUnitReportReporter -->
<testsuite hostname="LAPTOP-JR88P5KR" failures="0" tests="3" name="com.comcast.crm.contactTest.CreateContactTest" time="30.096" errors="0" timestamp="2025-07-30T16:21:22 IST" skipped="0">
  <testcase classname="com.comcast.crm.contactTest.CreateContactTest" name="CreaContactWithSupportDate" time="8.632"/>
  <testcase classname="com.comcast.crm.contactTest.CreateContactTest" name="CreateContactWithOrg" time="13.386"/>
  <testcase classname="com.comcast.crm.contactTest.CreateContactTest" name="createContactTest" time="8.078"/>
</testsuite> <!-- com.comcast.crm.contactTest.CreateContactTest -->
