<?xml version="1.0" encoding="UTF-8"?>
<!-- Generated by org.testng.reporters.JUnitReportReporter -->
<testsuite hostname="LAPTOP-JR88P5KR" failures="0" tests="1" name="Fragrance.FragranceTest" time="20.112" errors="0" timestamp="2025-08-15T19:54:16 IST" skipped="0">
  <testcase classname="Fragrance.FragranceTest" name="fTest" time="20.112"/>
</testsuite> <!-- Fragrance.FragranceTest -->
