<?xml version="1.0" encoding="UTF-8"?>
<!-- Generated by org.testng.reporters.JUnitReportReporter -->
<testsuite hostname="LAPTOP-JR88P5KR" failures="0" tests="1" name="Fragrance.FragranceHoverTest" time="19.251" errors="0" timestamp="2025-08-17T11:27:18 IST" skipped="0">
  <testcase classname="Fragrance.FragranceHoverTest" name="fTest" time="19.251"/>
</testsuite> <!-- Fragrance.FragranceHoverTest -->
