<?xml version="1.0" encoding="UTF-8"?>
<!-- Generated by org.testng.reporters.JUnitReportReporter -->
<testsuite hostname="LAPTOP-JR88P5KR" failures="0" tests="1" name="practise.CreateContactTest" time="0.546" errors="0" timestamp="2025-07-08T16:24:53 IST" skipped="0">
  <testcase classname="practise.CreateContactTest" name="createTest" time="0.546"/>
</testsuite> <!-- practise.CreateContactTest -->
