<?xml version="1.0" encoding="UTF-8"?>
<!-- Generated by org.testng.reporters.JUnitReportReporter -->
<testsuite hostname="LAPTOP-JR88P5KR" failures="0" tests="2" name="com.comcast.crm.leadTest.CreateLeadTest" time="15.373" errors="0" timestamp="2025-07-30T16:21:22 IST" skipped="0">
  <testcase classname="com.comcast.crm.leadTest.CreateLeadTest" name="CreateLeadWithPhone" time="7.406"/>
  <testcase classname="com.comcast.crm.leadTest.CreateLeadTest" name="CreateLeads" time="7.967"/>
</testsuite> <!-- com.comcast.crm.leadTest.CreateLeadTest -->
