<?xml version="1.0" encoding="UTF-8"?>
<!-- Generated by org.testng.reporters.JUnitReportReporter -->
<testsuite hostname="LAPTOP-JR88P5KR" failures="0" tests="2" name="Accessories.AccessoriesTest" time="98.605" errors="0" timestamp="2025-08-18T17:51:09 IST" skipped="0">
  <testcase classname="Accessories.AccessoriesTest" name="AccessoriesHover" time="40.077"/>
  <testcase classname="Accessories.AccessoriesTest" name="AccessorieswithPrice" time="58.528"/>
</testsuite> <!-- Accessories.AccessoriesTest -->
