<?xml version="1.0" encoding="UTF-8"?>
<!-- Generated by org.testng.reporters.JUnitReportReporter -->
<testsuite hostname="LAPTOP-JR88P5KR" failures="0" tests="3" name="com.comcast.crm.orgTest.CreateOrgTest" time="25.152" errors="0" timestamp="2025-07-30T16:21:22 IST" skipped="0">
  <testcase classname="com.comcast.crm.orgTest.CreateOrgTest" name="CreaOrgWithIndus" time="7.707"/>
  <testcase classname="com.comcast.crm.orgTest.CreateOrgTest" name="CreateOrg" time="8.951"/>
  <testcase classname="com.comcast.crm.orgTest.CreateOrgTest" name="CreaOrgWithPhone" time="8.494"/>
</testsuite> <!-- com.comcast.crm.orgTest.CreateOrgTest -->
