<?xml version="1.0" encoding="UTF-8"?>
<!-- Generated by org.testng.reporters.JUnitReportReporter -->
<testsuite hostname="LAPTOP-JR88P5KR" failures="0" tests="1" name="Gift.GiftTest" time="8.896" errors="0" timestamp="2025-08-14T15:20:37 IST" skipped="0">
  <testcase classname="Gift.GiftTest" name="fTest" time="8.896"/>
</testsuite> <!-- Gift.GiftTest -->
