<?xml version="1.0" encoding="UTF-8"?>
<!-- Generated by org.testng.reporters.JUnitXMLReporter -->
<testsuite ignored="0" hostname="LAPTOP-JR88P5KR" failures="0" tests="0" name="Test-1" time="16.021" errors="0" timestamp="2025-08-05T17:21:23 IST">
</testsuite> <!-- Test-1 -->
