<?xml version="1.0" encoding="UTF-8"?>
<!-- Generated by org.testng.reporters.JUnitXMLReporter -->
<testsuite ignored="0" hostname="LAPTOP-JR88P5KR" failures="0" tests="2" name="Test-4" time="11.977" errors="0" timestamp="2025-08-05T17:21:19 IST">
  <testcase classname="com.comcast.crm.productTest.CreateProductTest" name="CreaProductWIthType" time="0.0">
    <skipped/>
  </testcase> <!-- CreaProductWIthType -->
  <testcase classname="com.comcast.crm.productTest.CreateProductTest" name="CreateProduct" time="0.0">
    <skipped/>
  </testcase> <!-- CreateProduct -->
</testsuite> <!-- Test-4 -->
