<?xml version="1.0" encoding="UTF-8"?>
<!-- Generated by org.testng.reporters.JUnitReportReporter -->
<testsuite hostname="LAPTOP-JR88P5KR" failures="0" tests="3" name="com.comcast.crm.orgTest.CreateOrgTest" time="27.905" errors="0" timestamp="2025-07-23T22:25:41 IST" skipped="0">
  <testcase classname="com.comcast.crm.orgTest.CreateOrgTest" name="CreateOrg" time="10.122"/>
  <testcase classname="com.comcast.crm.orgTest.CreateOrgTest" name="CreaOrgWithIndus" time="9.619"/>
  <testcase classname="com.comcast.crm.orgTest.CreateOrgTest" name="CreaOrgWithPhone" time="8.164"/>
</testsuite> <!-- com.comcast.crm.orgTest.CreateOrgTest -->
