<?xml version="1.0" encoding="UTF-8"?>
<!-- Generated by org.testng.reporters.JUnitReportReporter -->
<testsuite hostname="LAPTOP-JR88P5KR" failures="0" tests="3" name="com.comcast.crm.contactTest.CreateContactTest" time="35.653" errors="0" timestamp="2025-07-23T22:25:41 IST" skipped="0">
  <testcase classname="com.comcast.crm.contactTest.CreateContactTest" name="CreaContactWithSupportDate" time="10.517"/>
  <testcase classname="com.comcast.crm.contactTest.CreateContactTest" name="CreateContactWithOrg" time="17.086"/>
  <testcase classname="com.comcast.crm.contactTest.CreateContactTest" name="createContactTest" time="8.050"/>
</testsuite> <!-- com.comcast.crm.contactTest.CreateContactTest -->
