<?xml version="1.0" encoding="UTF-8"?>
<!-- Generated by org.testng.reporters.JUnitReportReporter -->
<testsuite hostname="LAPTOP-JR88P5KR" failures="0" tests="2" name="com.comcast.crm.productTest.CreateProductTest" time="16.210" errors="0" timestamp="2025-07-23T22:25:41 IST" skipped="0">
  <testcase classname="com.comcast.crm.productTest.CreateProductTest" name="CreateProduct" time="6.528"/>
  <testcase classname="com.comcast.crm.productTest.CreateProductTest" name="CreaProductWIthType" time="9.682"/>
</testsuite> <!-- com.comcast.crm.productTest.CreateProductTest -->
