<?xml version="1.0" encoding="UTF-8"?>
<!-- Generated by org.testng.reporters.JUnitReportReporter -->
<testsuite hostname="LAPTOP-JR88P5KR" failures="0" tests="2" name="com.comcast.crm.leadTest.CreateLeadTest" time="16.188" errors="0" timestamp="2025-07-23T22:25:41 IST" skipped="0">
  <testcase classname="com.comcast.crm.leadTest.CreateLeadTest" name="CreateLeadWithPhone" time="8.364"/>
  <testcase classname="com.comcast.crm.leadTest.CreateLeadTest" name="CreateLeads" time="7.824"/>
</testsuite> <!-- com.comcast.crm.leadTest.CreateLeadTest -->
